<?xml version="1.0" encoding="UTF-8" standalone="no"?>
<!DOCTYPE log SYSTEM "logger.dtd">
<log>
<record>
  <date>2017-10-26T20:45:24</date>
  <millis>1509065124188</millis>
  <sequence>0</sequence>
  <logger>edu.neu.csye6200.aircraft.Aircraft</logger>
  <level>INFO</level>
  <class>edu.neu.csye6200.aircraft.AircraftFleet</class>
  <method>getInstance</method>
  <thread>1</thread>
  <message>Constructing an AircraftFleet Insatance</message>
</record>
<record>
  <date>2017-10-26T20:45:24</date>
  <millis>1509065124225</millis>
  <sequence>1</sequence>
  <logger>edu.neu.csye6200.aircraft.Aircraft</logger>
  <level>INFO</level>
  <class>edu.neu.csye6200.aircraft.FleetIO</class>
  <method>saveSingleAC</method>
  <thread>1</thread>
  <message>Save An Aircraft Into File</message>
</record>
<record>
  <date>2017-10-26T20:45:24</date>
  <millis>1509065124226</millis>
  <sequence>2</sequence>
  <logger>edu.neu.csye6200.aircraft.Aircraft</logger>
  <level>INFO</level>
  <class>edu.neu.csye6200.aircraft.FleetIO</class>
  <method>saveSingleAC</method>
  <thread>1</thread>
  <message>Save An Aircraft Into File</message>
</record>
<record>
  <date>2017-10-26T20:45:24</date>
  <millis>1509065124227</millis>
  <sequence>3</sequence>
  <logger>edu.neu.csye6200.aircraft.Aircraft</logger>
  <level>INFO</level>
  <class>edu.neu.csye6200.aircraft.FleetIO</class>
  <method>saveSingleAC</method>
  <thread>1</thread>
  <message>Save An Aircraft Into File</message>
</record>
<record>
  <date>2017-10-26T20:45:24</date>
  <millis>1509065124228</millis>
  <sequence>4</sequence>
  <logger>edu.neu.csye6200.aircraft.Aircraft</logger>
  <level>INFO</level>
  <class>edu.neu.csye6200.aircraft.FleetIO</class>
  <method>saveSingleAC</method>
  <thread>1</thread>
  <message>Save An Aircraft Into File</message>
</record>
<record>
  <date>2017-10-26T20:45:24</date>
  <millis>1509065124229</millis>
  <sequence>5</sequence>
  <logger>edu.neu.csye6200.aircraft.Aircraft</logger>
  <level>INFO</level>
  <class>edu.neu.csye6200.aircraft.FleetIO</class>
  <method>saveSingleAC</method>
  <thread>1</thread>
  <message>Save An Aircraft Into File</message>
</record>
<record>
  <date>2017-10-26T20:45:24</date>
  <millis>1509065124231</millis>
  <sequence>6</sequence>
  <logger>edu.neu.csye6200.aircraft.Aircraft</logger>
  <level>INFO</level>
  <class>edu.neu.csye6200.aircraft.FleetIO</class>
  <method>saveSingleAC</method>
  <thread>1</thread>
  <message>Save An Aircraft Into File</message>
</record>
<record>
  <date>2017-10-26T20:45:24</date>
  <millis>1509065124232</millis>
  <sequence>7</sequence>
  <logger>edu.neu.csye6200.aircraft.Aircraft</logger>
  <level>INFO</level>
  <class>edu.neu.csye6200.aircraft.FleetIO</class>
  <method>saveSingleAC</method>
  <thread>1</thread>
  <message>Save An Aircraft Into File</message>
</record>
<record>
  <date>2017-10-26T20:45:24</date>
  <millis>1509065124233</millis>
  <sequence>8</sequence>
  <logger>edu.neu.csye6200.aircraft.Aircraft</logger>
  <level>INFO</level>
  <class>edu.neu.csye6200.aircraft.FleetIO</class>
  <method>saveSingleAC</method>
  <thread>1</thread>
  <message>Save An Aircraft Into File</message>
</record>
<record>
  <date>2017-10-26T20:45:24</date>
  <millis>1509065124234</millis>
  <sequence>9</sequence>
  <logger>edu.neu.csye6200.aircraft.Aircraft</logger>
  <level>INFO</level>
  <class>edu.neu.csye6200.aircraft.FleetIO</class>
  <method>saveSingleAC</method>
  <thread>1</thread>
  <message>Save An Aircraft Into File</message>
</record>
<record>
  <date>2017-10-26T20:45:24</date>
  <millis>1509065124235</millis>
  <sequence>10</sequence>
  <logger>edu.neu.csye6200.aircraft.Aircraft</logger>
  <level>INFO</level>
  <class>edu.neu.csye6200.aircraft.FleetIO</class>
  <method>saveSingleAC</method>
  <thread>1</thread>
  <message>Save An Aircraft Into File</message>
</record>
<record>
  <date>2017-10-26T20:45:24</date>
  <millis>1509065124236</millis>
  <sequence>11</sequence>
  <logger>edu.neu.csye6200.aircraft.Aircraft</logger>
  <level>INFO</level>
  <class>edu.neu.csye6200.aircraft.FleetIO</class>
  <method>load</method>
  <thread>1</thread>
  <message>Load An Aircraft From File</message>
</record>
<record>
  <date>2017-10-26T20:45:24</date>
  <millis>1509065124241</millis>
  <sequence>12</sequence>
  <logger>edu.neu.csye6200.aircraft.Aircraft</logger>
  <level>SEVERE</level>
  <class>edu.neu.csye6200.aircraft.FleetIO</class>
  <method>load</method>
  <thread>1</thread>
  <message>A Big Problem Of Load Method</message>
</record>
</log>
